<?xml version="1.0" encoding="UTF-8"?>
<testng-results ignored="0" total="1" passed="1" failed="0" skipped="0">
  <reporter-output>
  </reporter-output>
  <suite started-at="2024-04-27T18:02:54 IST" name="Default suite" finished-at="2024-04-27T18:02:57 IST" duration-ms="3562">
    <groups>
    </groups>
    <test started-at="2024-04-27T18:02:54 IST" name="Default test" finished-at="2024-04-27T18:02:57 IST" duration-ms="3562">
      <class name="Z_23_complex_nested_json_object.X_04_complex_nested_pojo_class">
        <test-method signature="CreateNestedJSONUser()[pri:0, instance:Z_23_complex_nested_json_object.X_04_complex_nested_pojo_class@59505b48]" started-at="2024-04-27T18:02:54 IST" name="CreateNestedJSONUser" finished-at="2024-04-27T18:02:57 IST" duration-ms="3510" status="PASS">
          <reporter-output>
          </reporter-output>
        </test-method> <!-- CreateNestedJSONUser -->
      </class> <!-- Z_23_complex_nested_json_object.X_04_complex_nested_pojo_class -->
    </test> <!-- Default test -->
  </suite> <!-- Default suite -->
</testng-results>
